<?xml version="1.0" encoding="UTF-8"?>
<!-- Generated by org.testng.reporters.JUnitReportReporter -->
<testsuite hostname="Upendar" failures="0" tests="3" name="com.tutorialsninja.qa.testcases.Search" time="8.536" errors="0" timestamp="2023-06-19T09:17:41 IST" skipped="0">
  <testcase classname="com.tutorialsninja.qa.testcases.Search" name="verifySearchFunctionalityWithValidProduct" time="2.810"/>
  <system-out/>
  <testcase classname="com.tutorialsninja.qa.testcases.Search" name="verifySearchFunctionalityWithInvalidProduct" time="2.636"/>
  <system-out/>
  <testcase classname="com.tutorialsninja.qa.testcases.Search" name="verifySearchFunctionalityWithoutProvidingAnyProductName" time="3.090"/>
  <system-out/>
</testsuite> <!-- com.tutorialsninja.qa.testcases.Search -->
