<?xml version="1.0" encoding="UTF-8"?>
<!-- Generated by org.testng.reporters.JUnitReportReporter -->
<testsuite hostname="Upendar" failures="0" tests="4" name="com.tutorialsninja.qa.testcases.Register" time="17.956" errors="0" timestamp="2023-06-19T09:17:41 IST" skipped="0">
  <testcase classname="com.tutorialsninja.qa.testcases.Register" name="verifyRegisteringAnAccountWithMandatoryFields" time="3.855"/>
  <system-out/>
  <testcase classname="com.tutorialsninja.qa.testcases.Register" name="verifyRegisteringAnAccountByProvidingAllTheFields" time="3.739"/>
  <system-out/>
  <testcase classname="com.tutorialsninja.qa.testcases.Register" name="verifyRegisteringAnAccountWithAlreadyExistingEmailAddress" time="7.111"/>
  <system-out/>
  <testcase classname="com.tutorialsninja.qa.testcases.Register" name="verifyRegisteringAnAccountWithoutFillingAnyDetails" time="3.251"/>
  <system-out/>
</testsuite> <!-- com.tutorialsninja.qa.testcases.Register -->
