<?xml version="1.0" encoding="UTF-8"?>
<!-- Generated by org.testng.reporters.JUnitReportReporter -->
<testsuite hostname="Upendar" failures="0" tests="2" name="com.tutorialsninja.qa.testcases.LoginPage" time="7.265" errors="0" timestamp="2023-06-08T10:53:18 IST" skipped="0">
  <testcase classname="com.tutorialsninja.qa.testcases.LoginPage" name="verifyLoginWithValidCredentials" time="3.281"/>
  <system-out/>
  <testcase classname="com.tutorialsninja.qa.testcases.LoginPage" name="verifyLoginWithValidCredentials" time="3.984"/>
  <system-out/>
</testsuite> <!-- com.tutorialsninja.qa.testcases.LoginPage -->
