<?xml version="1.0" encoding="UTF-8"?>
<!-- Generated by org.testng.reporters.JUnitReportReporter -->
<testsuite hostname="Upendar" failures="0" tests="3" name="com.tutorialsninja.qa.testcases.SearchPage" time="7.370" errors="0" timestamp="2023-06-08T09:50:17 IST" skipped="0">
  <testcase classname="com.tutorialsninja.qa.testcases.SearchPage" name="verifySearchFunctionalityWithValidProduct" time="2.529"/>
  <system-out/>
  <testcase classname="com.tutorialsninja.qa.testcases.SearchPage" name="verifySearchFunctionalityWithInvalidProduct" time="2.512"/>
  <system-out/>
  <testcase classname="com.tutorialsninja.qa.testcases.SearchPage" name="verifySearchFunctionalityWithoutProvidingAnyProductName" time="2.329"/>
  <system-out/>
</testsuite> <!-- com.tutorialsninja.qa.testcases.SearchPage -->
