<?xml version="1.0" encoding="UTF-8"?>
<!-- Generated by org.testng.reporters.JUnitReportReporter -->
<testsuite hostname="Upendar" failures="0" tests="4" name="com.tutorialsninja.qa.testcases.RegisterPage" time="13.500" errors="0" timestamp="2023-06-08T09:50:17 IST" skipped="0">
  <testcase classname="com.tutorialsninja.qa.testcases.RegisterPage" name="verifyRegisteringAnAccountWithMandatoryFields" time="3.421"/>
  <system-out/>
  <testcase classname="com.tutorialsninja.qa.testcases.RegisterPage" name="verifyRegisteringAnAccountByProvidingAllTheFields" time="3.305"/>
  <system-out/>
  <testcase classname="com.tutorialsninja.qa.testcases.RegisterPage" name="verifyRegisteringAnAccountWithAlreadyExistingEmailAddress" time="3.337"/>
  <system-out/>
  <testcase classname="com.tutorialsninja.qa.testcases.RegisterPage" name="verifyRegisteringAnAccountWithoutFillingAnyDetails" time="3.437"/>
  <system-out/>
</testsuite> <!-- com.tutorialsninja.qa.testcases.RegisterPage -->
